This file contains any messages produced by compilers while
running configure, to aid debugging if configure makes a mistake.

It was created by libopenmpt configure 0.3.9+release.autotools, which was
generated by GNU Autoconf 2.69.  Invocation command line was

  $ ./configure --without-mpg123 --without-portaudio --without-portaudiocpp --disable-openmpt123 --disable-examples --disable-tests --prefix /www/qt/libopenmpt-0.3.9_/build/

## --------- ##
## Platform. ##
## --------- ##

hostname = commander-keen-2.local
uname -m = x86_64
uname -r = 17.5.0
uname -s = Darwin
uname -v = Darwin Kernel Version 17.5.0: Fri Apr 13 19:32:32 PDT 2018; root:xnu-4570.51.2~1/RELEASE_X86_64

/usr/bin/uname -p = i386
/bin/uname -X     = unknown

/bin/arch              = unknown
/usr/bin/arch -k       = unknown
/usr/convex/getsysinfo = unknown
/usr/bin/hostinfo      = Mach kernel version:
	 Darwin Kernel Version 17.5.0: Fri Apr 13 19:32:32 PDT 2018; root:xnu-4570.51.2~1/RELEASE_X86_64
Kernel configured for up to 4 processors.
4 processors are physically available.
4 processors are logically available.
Processor type: x86_64h (Intel x86-64h Haswell)
Processors active: 0 1 2 3
Primary memory available: 32.00 gigabytes
Default processor set: 354 tasks, 1556 threads, 4 processors
Load average: 1.66, Mach factor: 2.32
/bin/machine           = unknown
/usr/bin/oslevel       = unknown
/bin/universe          = unknown

PATH: /opt/local/bin
PATH: /opt/local/sbin
PATH: /opt/local/bin
PATH: /opt/local/sbin
PATH: /Users/jgarcia/scripts
PATH: /Users/jgarcia/bin
PATH: /Users/jgarcia/bin/vert.x-2.1.4/bin
PATH: /Users/jgarcia/bin/mongodb-osx-x86_64-2.6.6/bin
PATH: /usr/local/git/bin
PATH: /usr/local/bin
PATH: /usr/bin
PATH: /bin
PATH: /usr/sbin
PATH: /sbin
PATH: /usr/local/git/bin
PATH: /usr/local/mysql/bin
PATH: /Applications/Sublime Text.app/Contents/SharedSupport/bin
PATH: /Users/jgarcia/bin/bberry/dependencies/tools/bin
PATH: /Users/jgarcia/bin/ant
PATH: /usr/local/opt/android-sdk/tools
PATH: /usr/local/opt/android-sdk/platform-tools
PATH: /usr/local/opt/android-sdk/bin


## ----------- ##
## Core tests. ##
## ----------- ##

configure:2555: checking for a BSD-compatible install
configure:2623: result: /usr/bin/install -c
configure:2634: checking whether build environment is sane
configure:2689: result: yes
configure:2840: checking for a thread-safe mkdir -p
configure:2879: result: build-aux/install-sh -c -d
configure:2886: checking for gawk
configure:2916: result: no
configure:2886: checking for mawk
configure:2916: result: no
configure:2886: checking for nawk
configure:2916: result: no
configure:2886: checking for awk
configure:2902: found /usr/bin/awk
configure:2913: result: awk
configure:2924: checking whether make sets $(MAKE)
configure:2946: result: yes
configure:2975: checking whether make supports nested variables
configure:2992: result: yes
configure:3131: checking for style of include used by make
configure:3159: result: GNU
configure:3230: checking for gcc
configure:3246: found /usr/bin/gcc
configure:3257: result: gcc
configure:3486: checking for C compiler version
configure:3495: gcc --version >&5
Apple LLVM version 9.1.0 (clang-902.0.39.1)
Target: x86_64-apple-darwin17.5.0
Thread model: posix
InstalledDir: /Applications/Xcode.app/Contents/Developer/Toolchains/XcodeDefault.xctoolchain/usr/bin
Configured with: --prefix=/Applications/Xcode.app/Contents/Developer/usr --with-gxx-include-dir=/Applications/Xcode.app/Contents/Developer/Platforms/MacOSX.platform/Developer/SDKs/MacOSX10.13.sdk/usr/include/c++/4.2.1
configure:3506: $? = 0
configure:3495: gcc -v >&5
Configured with: --prefix=/Applications/Xcode.app/Contents/Developer/usr --with-gxx-include-dir=/Applications/Xcode.app/Contents/Developer/Platforms/MacOSX.platform/Developer/SDKs/MacOSX10.13.sdk/usr/include/c++/4.2.1
Apple LLVM version 9.1.0 (clang-902.0.39.1)
Target: x86_64-apple-darwin17.5.0
Thread model: posix
InstalledDir: /Applications/Xcode.app/Contents/Developer/Toolchains/XcodeDefault.xctoolchain/usr/bin
configure:3506: $? = 0
configure:3495: gcc -V >&5
clang: error: argument to '-V' is missing (expected 1 value)
clang: error: no input files
configure:3506: $? = 1
configure:3495: gcc -qversion >&5
clang: error: unknown argument: '-qversion'
clang: error: no input files
configure:3506: $? = 1
configure:3526: checking whether the C compiler works
configure:3548: gcc    conftest.c  >&5
configure:3552: $? = 0
configure:3600: result: yes
configure:3603: checking for C compiler default output file name
configure:3605: result: a.out
configure:3611: checking for suffix of executables
configure:3618: gcc -o conftest    conftest.c  >&5
configure:3622: $? = 0
configure:3644: result: 
configure:3666: checking whether we are cross compiling
configure:3674: gcc -o conftest    conftest.c  >&5
configure:3678: $? = 0
configure:3685: ./conftest
configure:3689: $? = 0
configure:3704: result: no
configure:3709: checking for suffix of object files
configure:3731: gcc -c   conftest.c >&5
configure:3735: $? = 0
configure:3756: result: o
configure:3760: checking whether we are using the GNU C compiler
configure:3779: gcc -c   conftest.c >&5
configure:3779: $? = 0
configure:3788: result: yes
configure:3797: checking whether gcc accepts -g
configure:3817: gcc -c -g  conftest.c >&5
configure:3817: $? = 0
configure:3858: result: yes
configure:3875: checking for gcc option to accept ISO C89
configure:3938: gcc  -c -g -O2  conftest.c >&5
configure:3938: $? = 0
configure:3951: result: none needed
configure:3976: checking whether gcc understands -c and -o together
configure:3998: gcc -c conftest.c -o conftest2.o
configure:4001: $? = 0
configure:3998: gcc -c conftest.c -o conftest2.o
configure:4001: $? = 0
configure:4013: result: yes
configure:4032: checking dependency style of gcc
configure:4143: result: gcc3
configure:4208: checking for ar
configure:4224: found /usr/bin/ar
configure:4235: result: ar
configure:4261: checking the archiver (ar) interface
configure:4277: gcc -c -g -O2  conftest.c >&5
configure:4277: $? = 0
configure:4279: ar cru libconftest.a conftest.o >&5
configure:4282: $? = 0
configure:4310: result: ar
configure:4360: checking build system type
configure:4374: result: x86_64-apple-darwin17.5.0
configure:4394: checking host system type
configure:4407: result: x86_64-apple-darwin17.5.0
configure:4448: checking how to print strings
configure:4475: result: printf
configure:4496: checking for a sed that does not truncate output
configure:4560: result: /usr/bin/sed
configure:4578: checking for grep that handles long lines and -e
configure:4636: result: /usr/bin/grep
configure:4641: checking for egrep
configure:4703: result: /usr/bin/grep -E
configure:4708: checking for fgrep
configure:4770: result: /usr/bin/grep -F
configure:4805: checking for ld used by gcc
configure:4872: result: /Applications/Xcode.app/Contents/Developer/Toolchains/XcodeDefault.xctoolchain/usr/bin/ld
configure:4879: checking if the linker (/Applications/Xcode.app/Contents/Developer/Toolchains/XcodeDefault.xctoolchain/usr/bin/ld) is GNU ld
configure:4894: result: no
configure:4906: checking for BSD- or MS-compatible name lister (nm)
configure:4960: result: /usr/bin/nm -B
configure:5090: checking the name lister (/usr/bin/nm -B) interface
configure:5097: gcc -c -g -O2  conftest.c >&5
configure:5100: /usr/bin/nm -B "conftest.o"
configure:5103: output
00000000000001c4 S _some_variable
configure:5110: result: BSD nm
configure:5113: checking whether ln -s works
configure:5117: result: yes
configure:5125: checking the maximum length of command line arguments
configure:5256: result: 196608
configure:5304: checking how to convert x86_64-apple-darwin17.5.0 file names to x86_64-apple-darwin17.5.0 format
configure:5344: result: func_convert_file_noop
configure:5351: checking how to convert x86_64-apple-darwin17.5.0 file names to toolchain format
configure:5371: result: func_convert_file_noop
configure:5378: checking for /Applications/Xcode.app/Contents/Developer/Toolchains/XcodeDefault.xctoolchain/usr/bin/ld option to reload object files
configure:5385: result: -r
configure:5459: checking for objdump
configure:5475: found /usr/bin/objdump
configure:5486: result: objdump
configure:5518: checking how to recognize dependent libraries
configure:5718: result: pass_all
configure:5803: checking for dlltool
configure:5833: result: no
configure:5863: checking how to associate runtime and link libraries
configure:5890: result: printf %s\n
configure:6014: checking for archiver @FILE support
configure:6031: gcc -c -g -O2  conftest.c >&5
configure:6031: $? = 0
configure:6034: ar cru libconftest.a @conftest.lst >&5
ar: @conftest.lst: No such file or directory
configure:6037: $? = 1
configure:6057: result: no
configure:6115: checking for strip
configure:6131: found /usr/bin/strip
configure:6142: result: strip
configure:6214: checking for ranlib
configure:6230: found /usr/bin/ranlib
configure:6241: result: ranlib
configure:6343: checking command to parse /usr/bin/nm -B output from gcc object
configure:6496: gcc -c -g -O2  conftest.c >&5
configure:6499: $? = 0
configure:6503: /usr/bin/nm -B conftest.o \| sed -n -e 's/^.*[ ]\([BCDEGRST][BCDEGRST]*\)[ ][ ]*\([_A-Za-z][_A-Za-z0-9]*\)$/\1 \2 \2/p' | sed '/ __gnu_lto/d' \> conftest.nm
configure:6506: $? = 0
cannot find nm_test_var in conftest.nm
configure:6496: gcc -c -g -O2  conftest.c >&5
configure:6499: $? = 0
configure:6503: /usr/bin/nm -B conftest.o \| sed -n -e 's/^.*[ ]\([BCDEGRST][BCDEGRST]*\)[ ][ ]*_\([_A-Za-z][_A-Za-z0-9]*\)$/\1 _\2 \2/p' | sed '/ __gnu_lto/d' \> conftest.nm
configure:6506: $? = 0
configure:6572: gcc -o conftest -g -O2   conftest.c conftstm.o >&5
warning: (x86_64)  could not find object file symbol for symbol _main
configure:6575: $? = 0
configure:6613: result: ok
configure:6660: checking for sysroot
configure:6690: result: no
configure:6697: checking for a working dd
configure:6735: result: /bin/dd
configure:6739: checking how to truncate binary pipes
configure:6754: result: /bin/dd bs=4096 count=1
configure:7083: checking for mt
configure:7113: result: no
configure:7133: checking if : is a manifest tool
configure:7139: : '-?'
configure:7147: result: no
configure:7203: checking for dsymutil
configure:7219: found /usr/bin/dsymutil
configure:7230: result: dsymutil
configure:7295: checking for nmedit
configure:7311: found /usr/bin/nmedit
configure:7322: result: nmedit
configure:7387: checking for lipo
configure:7403: found /usr/bin/lipo
configure:7414: result: lipo
configure:7479: checking for otool
configure:7495: found /usr/bin/otool
configure:7506: result: otool
configure:7571: checking for otool64
configure:7601: result: no
configure:7646: checking for -single_module linker flag
gcc -g -O2  -o libconftest.dylib -dynamiclib -Wl,-single_module conftest.c
configure:7679: result: yes
configure:7682: checking for -exported_symbols_list linker flag
configure:7702: gcc -o conftest -g -O2   -Wl,-exported_symbols_list,conftest.sym conftest.c  >&5
configure:7702: $? = 0
configure:7712: result: yes
configure:7715: checking for -force_load linker flag
gcc -g -O2 -c -o conftest.o conftest.c
ar cru libconftest.a conftest.o
ranlib libconftest.a
gcc -g -O2  -o conftest conftest.c -Wl,-force_load,./libconftest.a
configure:7747: result: yes
configure:7824: checking how to run the C preprocessor
configure:7855: gcc -E  conftest.c
configure:7855: $? = 0
configure:7869: gcc -E  conftest.c
conftest.c:11:10: fatal error: 'ac_nonexistent.h' file not found
#include <ac_nonexistent.h>
         ^~~~~~~~~~~~~~~~~~
1 error generated.
configure:7869: $? = 1
configure: failed program was:
| /* confdefs.h */
| #define PACKAGE_NAME "libopenmpt"
| #define PACKAGE_TARNAME "libopenmpt"
| #define PACKAGE_VERSION "0.3.9+release.autotools"
| #define PACKAGE_STRING "libopenmpt 0.3.9+release.autotools"
| #define PACKAGE_BUGREPORT "https://bugs.openmpt.org/"
| #define PACKAGE_URL "https://lib.openmpt.org/"
| #define PACKAGE "libopenmpt"
| #define VERSION "0.3.9+release.autotools"
| /* end confdefs.h.  */
| #include <ac_nonexistent.h>
configure:7894: result: gcc -E
configure:7914: gcc -E  conftest.c
configure:7914: $? = 0
configure:7928: gcc -E  conftest.c
conftest.c:11:10: fatal error: 'ac_nonexistent.h' file not found
#include <ac_nonexistent.h>
         ^~~~~~~~~~~~~~~~~~
1 error generated.
configure:7928: $? = 1
configure: failed program was:
| /* confdefs.h */
| #define PACKAGE_NAME "libopenmpt"
| #define PACKAGE_TARNAME "libopenmpt"
| #define PACKAGE_VERSION "0.3.9+release.autotools"
| #define PACKAGE_STRING "libopenmpt 0.3.9+release.autotools"
| #define PACKAGE_BUGREPORT "https://bugs.openmpt.org/"
| #define PACKAGE_URL "https://lib.openmpt.org/"
| #define PACKAGE "libopenmpt"
| #define VERSION "0.3.9+release.autotools"
| /* end confdefs.h.  */
| #include <ac_nonexistent.h>
configure:7957: checking for ANSI C header files
configure:7977: gcc -c -g -O2  conftest.c >&5
configure:7977: $? = 0
configure:8050: gcc -o conftest -g -O2   conftest.c  >&5
configure:8050: $? = 0
configure:8050: ./conftest
configure:8050: $? = 0
configure:8061: result: yes
configure:8074: checking for sys/types.h
configure:8074: gcc -c -g -O2  conftest.c >&5
configure:8074: $? = 0
configure:8074: result: yes
configure:8074: checking for sys/stat.h
configure:8074: gcc -c -g -O2  conftest.c >&5
configure:8074: $? = 0
configure:8074: result: yes
configure:8074: checking for stdlib.h
configure:8074: gcc -c -g -O2  conftest.c >&5
configure:8074: $? = 0
configure:8074: result: yes
configure:8074: checking for string.h
configure:8074: gcc -c -g -O2  conftest.c >&5
configure:8074: $? = 0
configure:8074: result: yes
configure:8074: checking for memory.h
configure:8074: gcc -c -g -O2  conftest.c >&5
configure:8074: $? = 0
configure:8074: result: yes
configure:8074: checking for strings.h
configure:8074: gcc -c -g -O2  conftest.c >&5
configure:8074: $? = 0
configure:8074: result: yes
configure:8074: checking for inttypes.h
configure:8074: gcc -c -g -O2  conftest.c >&5
configure:8074: $? = 0
configure:8074: result: yes
configure:8074: checking for stdint.h
configure:8074: gcc -c -g -O2  conftest.c >&5
configure:8074: $? = 0
configure:8074: result: yes
configure:8074: checking for unistd.h
configure:8074: gcc -c -g -O2  conftest.c >&5
configure:8074: $? = 0
configure:8074: result: yes
configure:8088: checking for dlfcn.h
configure:8088: gcc -c -g -O2  conftest.c >&5
configure:8088: $? = 0
configure:8088: result: yes
configure:8344: checking for objdir
configure:8359: result: .libs
configure:8623: checking if gcc supports -fno-rtti -fno-exceptions
configure:8641: gcc -c -g -O2  -fno-rtti -fno-exceptions conftest.c >&5
configure:8645: $? = 0
configure:8658: result: yes
configure:9016: checking for gcc option to produce PIC
configure:9023: result: -fno-common -DPIC
configure:9031: checking if gcc PIC flag -fno-common -DPIC works
configure:9049: gcc -c -g -O2  -fno-common -DPIC -DPIC conftest.c >&5
configure:9053: $? = 0
configure:9066: result: yes
configure:9095: checking if gcc static flag -static works
configure:9123: result: no
configure:9138: checking if gcc supports -c -o file.o
configure:9159: gcc -c -g -O2  -o out/conftest2.o conftest.c >&5
configure:9163: $? = 0
configure:9185: result: yes
configure:9193: checking if gcc supports -c -o file.o
configure:9240: result: yes
configure:9273: checking whether the gcc linker (/Applications/Xcode.app/Contents/Developer/Toolchains/XcodeDefault.xctoolchain/usr/bin/ld) supports shared libraries
configure:10536: result: yes
configure:10776: checking dynamic linker characteristics
configure:11606: result: darwin17.5.0 dyld
configure:11728: checking how to hardcode library paths into programs
configure:11753: result: immediate
configure:12301: checking whether stripping libraries is possible
configure:12315: result: yes
configure:12341: checking if libtool supports shared libraries
configure:12343: result: yes
configure:12346: checking whether to build shared libraries
configure:12371: result: yes
configure:12374: checking whether to build static libraries
configure:12378: result: yes
configure:12423: checking for special C compiler options needed for large files
configure:12468: result: no
configure:12474: checking for _FILE_OFFSET_BITS value needed for large files
configure:12499: gcc -c -g -O2  conftest.c >&5
configure:12499: $? = 0
configure:12531: result: no
configure:12671: checking for pkg-config
configure:12689: found /usr/local/bin/pkg-config
configure:12701: result: /usr/local/bin/pkg-config
configure:12726: checking pkg-config is at least version 0.24
configure:12729: result: yes
configure:12785: checking for gcc
configure:12812: result: gcc
configure:13041: checking for C compiler version
configure:13050: gcc --version >&5
Apple LLVM version 9.1.0 (clang-902.0.39.1)
Target: x86_64-apple-darwin17.5.0
Thread model: posix
InstalledDir: /Applications/Xcode.app/Contents/Developer/Toolchains/XcodeDefault.xctoolchain/usr/bin
Configured with: --prefix=/Applications/Xcode.app/Contents/Developer/usr --with-gxx-include-dir=/Applications/Xcode.app/Contents/Developer/Platforms/MacOSX.platform/Developer/SDKs/MacOSX10.13.sdk/usr/include/c++/4.2.1
configure:13061: $? = 0
configure:13050: gcc -v >&5
Configured with: --prefix=/Applications/Xcode.app/Contents/Developer/usr --with-gxx-include-dir=/Applications/Xcode.app/Contents/Developer/Platforms/MacOSX.platform/Developer/SDKs/MacOSX10.13.sdk/usr/include/c++/4.2.1
Apple LLVM version 9.1.0 (clang-902.0.39.1)
Target: x86_64-apple-darwin17.5.0
Thread model: posix
InstalledDir: /Applications/Xcode.app/Contents/Developer/Toolchains/XcodeDefault.xctoolchain/usr/bin
configure:13061: $? = 0
configure:13050: gcc -V >&5
clang: error: argument to '-V' is missing (expected 1 value)
clang: error: no input files
configure:13061: $? = 1
configure:13050: gcc -qversion >&5
clang: error: unknown argument: '-qversion'
clang: error: no input files
configure:13061: $? = 1
configure:13065: checking whether we are using the GNU C compiler
configure:13093: result: yes
configure:13102: checking whether gcc accepts -g
configure:13163: result: yes
configure:13180: checking for gcc option to accept ISO C89
configure:13256: result: none needed
configure:13281: checking whether gcc understands -c and -o together
configure:13318: result: yes
configure:13337: checking dependency style of gcc
configure:13448: result: gcc3
configure:13522: checking for g++
configure:13538: found /usr/bin/g++
configure:13549: result: g++
configure:13576: checking for C++ compiler version
configure:13585: g++ --version >&5
Apple LLVM version 9.1.0 (clang-902.0.39.1)
Target: x86_64-apple-darwin17.5.0
Thread model: posix
InstalledDir: /Applications/Xcode.app/Contents/Developer/Toolchains/XcodeDefault.xctoolchain/usr/bin
Configured with: --prefix=/Applications/Xcode.app/Contents/Developer/usr --with-gxx-include-dir=/Applications/Xcode.app/Contents/Developer/Platforms/MacOSX.platform/Developer/SDKs/MacOSX10.13.sdk/usr/include/c++/4.2.1
configure:13596: $? = 0
configure:13585: g++ -v >&5
Configured with: --prefix=/Applications/Xcode.app/Contents/Developer/usr --with-gxx-include-dir=/Applications/Xcode.app/Contents/Developer/Platforms/MacOSX.platform/Developer/SDKs/MacOSX10.13.sdk/usr/include/c++/4.2.1
Apple LLVM version 9.1.0 (clang-902.0.39.1)
Target: x86_64-apple-darwin17.5.0
Thread model: posix
InstalledDir: /Applications/Xcode.app/Contents/Developer/Toolchains/XcodeDefault.xctoolchain/usr/bin
configure:13596: $? = 0
configure:13585: g++ -V >&5
clang: error: argument to '-V' is missing (expected 1 value)
clang: error: no input files
configure:13596: $? = 1
configure:13585: g++ -qversion >&5
clang: error: unknown argument: '-qversion'
clang: error: no input files
configure:13596: $? = 1
configure:13600: checking whether we are using the GNU C++ compiler
configure:13619: g++ -c   conftest.cpp >&5
configure:13619: $? = 0
configure:13628: result: yes
configure:13637: checking whether g++ accepts -g
configure:13657: g++ -c -g  conftest.cpp >&5
configure:13657: $? = 0
configure:13698: result: yes
configure:13723: checking dependency style of g++
configure:13834: result: gcc3
configure:13867: checking how to run the C++ preprocessor
configure:13894: g++ -E  conftest.cpp
configure:13894: $? = 0
configure:13908: g++ -E  conftest.cpp
conftest.cpp:23:10: fatal error: 'ac_nonexistent.h' file not found
#include <ac_nonexistent.h>
         ^~~~~~~~~~~~~~~~~~
1 error generated.
configure:13908: $? = 1
configure: failed program was:
| /* confdefs.h */
| #define PACKAGE_NAME "libopenmpt"
| #define PACKAGE_TARNAME "libopenmpt"
| #define PACKAGE_VERSION "0.3.9+release.autotools"
| #define PACKAGE_STRING "libopenmpt 0.3.9+release.autotools"
| #define PACKAGE_BUGREPORT "https://bugs.openmpt.org/"
| #define PACKAGE_URL "https://lib.openmpt.org/"
| #define PACKAGE "libopenmpt"
| #define VERSION "0.3.9+release.autotools"
| #define STDC_HEADERS 1
| #define HAVE_SYS_TYPES_H 1
| #define HAVE_SYS_STAT_H 1
| #define HAVE_STDLIB_H 1
| #define HAVE_STRING_H 1
| #define HAVE_MEMORY_H 1
| #define HAVE_STRINGS_H 1
| #define HAVE_INTTYPES_H 1
| #define HAVE_STDINT_H 1
| #define HAVE_UNISTD_H 1
| #define HAVE_DLFCN_H 1
| #define LT_OBJDIR ".libs/"
| /* end confdefs.h.  */
| #include <ac_nonexistent.h>
configure:13933: result: g++ -E
configure:13953: g++ -E  conftest.cpp
configure:13953: $? = 0
configure:13967: g++ -E  conftest.cpp
conftest.cpp:23:10: fatal error: 'ac_nonexistent.h' file not found
#include <ac_nonexistent.h>
         ^~~~~~~~~~~~~~~~~~
1 error generated.
configure:13967: $? = 1
configure: failed program was:
| /* confdefs.h */
| #define PACKAGE_NAME "libopenmpt"
| #define PACKAGE_TARNAME "libopenmpt"
| #define PACKAGE_VERSION "0.3.9+release.autotools"
| #define PACKAGE_STRING "libopenmpt 0.3.9+release.autotools"
| #define PACKAGE_BUGREPORT "https://bugs.openmpt.org/"
| #define PACKAGE_URL "https://lib.openmpt.org/"
| #define PACKAGE "libopenmpt"
| #define VERSION "0.3.9+release.autotools"
| #define STDC_HEADERS 1
| #define HAVE_SYS_TYPES_H 1
| #define HAVE_SYS_STAT_H 1
| #define HAVE_STDLIB_H 1
| #define HAVE_STRING_H 1
| #define HAVE_MEMORY_H 1
| #define HAVE_STRINGS_H 1
| #define HAVE_INTTYPES_H 1
| #define HAVE_STDINT_H 1
| #define HAVE_UNISTD_H 1
| #define HAVE_DLFCN_H 1
| #define LT_OBJDIR ".libs/"
| /* end confdefs.h.  */
| #include <ac_nonexistent.h>
configure:14129: checking for ld used by g++
configure:14196: result: /Applications/Xcode.app/Contents/Developer/Toolchains/XcodeDefault.xctoolchain/usr/bin/ld
configure:14203: checking if the linker (/Applications/Xcode.app/Contents/Developer/Toolchains/XcodeDefault.xctoolchain/usr/bin/ld) is GNU ld
configure:14218: result: no
configure:14273: checking whether the g++ linker (/Applications/Xcode.app/Contents/Developer/Toolchains/XcodeDefault.xctoolchain/usr/bin/ld) supports shared libraries
configure:15346: result: yes
configure:15382: g++ -c -g -O2  conftest.cpp >&5
configure:15385: $? = 0
configure:15866: checking for g++ option to produce PIC
configure:15873: result: -fno-common -DPIC
configure:15881: checking if g++ PIC flag -fno-common -DPIC works
configure:15899: g++ -c -g -O2  -fno-common -DPIC -DPIC conftest.cpp >&5
configure:15903: $? = 0
configure:15916: result: yes
configure:15939: checking if g++ static flag -static works
configure:15967: result: no
configure:15979: checking if g++ supports -c -o file.o
configure:16000: g++ -c -g -O2  -o out/conftest2.o conftest.cpp >&5
configure:16004: $? = 0
configure:16026: result: yes
configure:16031: checking if g++ supports -c -o file.o
configure:16078: result: yes
configure:16108: checking whether the g++ linker (/Applications/Xcode.app/Contents/Developer/Toolchains/XcodeDefault.xctoolchain/usr/bin/ld) supports shared libraries
configure:16151: result: yes
configure:16292: checking dynamic linker characteristics
configure:17049: result: darwin17.5.0 dyld
configure:17114: checking how to hardcode library paths into programs
configure:17139: result: immediate
configure:17243: checking for ZLIB
configure:17250: $PKG_CONFIG --exists --print-errors "zlib"
configure:17253: $? = 0
configure:17267: $PKG_CONFIG --exists --print-errors "zlib"
configure:17270: $? = 0
configure:17308: result: yes
configure:17423: checking for OGG
configure:17430: $PKG_CONFIG --exists --print-errors "ogg"
configure:17433: $? = 0
configure:17447: $PKG_CONFIG --exists --print-errors "ogg"
configure:17450: $? = 0
configure:17488: result: yes
configure:17513: checking for VORBIS
configure:17520: $PKG_CONFIG --exists --print-errors "vorbis"
configure:17523: $? = 0
configure:17537: $PKG_CONFIG --exists --print-errors "vorbis"
configure:17540: $? = 0
configure:17578: result: yes
configure:17603: checking for VORBISFILE
configure:17610: $PKG_CONFIG --exists --print-errors "vorbisfile"
configure:17613: $? = 0
configure:17627: $PKG_CONFIG --exists --print-errors "vorbisfile"
configure:17630: $? = 0
configure:17668: result: yes
configure:18537: checking for gcc option to accept ISO C99
configure:18686: gcc  -c -g -O2  conftest.c >&5
configure:18686: $? = 0
configure:18699: result: none needed
configure:18807: checking for gcc option to accept ISO Standard C
configure:18818: result: none needed
configure:18838: checking whether g++ supports C++11 features by default
configure:19132: g++ -c -g -O2  conftest.cpp >&5
conftest.cpp:42:2: error: "This is not a C++11 compiler"
#error "This is not a C++11 compiler"
 ^
1 error generated.
configure:19132: $? = 1
configure: failed program was:
| /* confdefs.h */
| #define PACKAGE_NAME "libopenmpt"
| #define PACKAGE_TARNAME "libopenmpt"
| #define PACKAGE_VERSION "0.3.9+release.autotools"
| #define PACKAGE_STRING "libopenmpt 0.3.9+release.autotools"
| #define PACKAGE_BUGREPORT "https://bugs.openmpt.org/"
| #define PACKAGE_URL "https://lib.openmpt.org/"
| #define PACKAGE "libopenmpt"
| #define VERSION "0.3.9+release.autotools"
| #define STDC_HEADERS 1
| #define HAVE_SYS_TYPES_H 1
| #define HAVE_SYS_STAT_H 1
| #define HAVE_STDLIB_H 1
| #define HAVE_STRING_H 1
| #define HAVE_MEMORY_H 1
| #define HAVE_STRINGS_H 1
| #define HAVE_INTTYPES_H 1
| #define HAVE_STDINT_H 1
| #define HAVE_UNISTD_H 1
| #define HAVE_DLFCN_H 1
| #define LT_OBJDIR ".libs/"
| #define MPT_SVNURL "https://source.openmpt.org/svn/openmpt/tags/libopenmpt-0.3.9"
| #define MPT_SVNVERSION "10169"
| #define MPT_SVNDATE "2018-04-29T06:08:50.600539Z"
| #define MPT_PACKAGE true
| #define MPT_WITH_ZLIB /**/
| #define MPT_WITH_OGG /**/
| #define MPT_WITH_VORBIS /**/
| #define MPT_WITH_VORBISFILE /**/
| /* end confdefs.h.  */
| 
| 
| // If the compiler admits that it is not ready for C++11, why torture it?
| // Hopefully, this will speed up the test.
| 
| #ifndef __cplusplus
| 
| #error "This is not a C++ compiler"
| 
| #elif __cplusplus < 201103L
| 
| #error "This is not a C++11 compiler"
| 
| #else
| 
| namespace cxx11
| {
| 
|   namespace test_static_assert
|   {
| 
|     template <typename T>
|     struct check
|     {
|       static_assert(sizeof(int) <= sizeof(T), "not big enough");
|     };
| 
|   }
| 
|   namespace test_final_override
|   {
| 
|     struct Base
|     {
|       virtual void f() {}
|     };
| 
|     struct Derived : public Base
|     {
|       virtual void f() override {}
|     };
| 
|   }
| 
|   namespace test_double_right_angle_brackets
|   {
| 
|     template < typename T >
|     struct check {};
| 
|     typedef check<void> single_type;
|     typedef check<check<void>> double_type;
|     typedef check<check<check<void>>> triple_type;
|     typedef check<check<check<check<void>>>> quadruple_type;
| 
|   }
| 
|   namespace test_decltype
|   {
| 
|     int
|     f()
|     {
|       int a = 1;
|       decltype(a) b = 2;
|       return a + b;
|     }
| 
|   }
| 
|   namespace test_type_deduction
|   {
| 
|     template < typename T1, typename T2 >
|     struct is_same
|     {
|       static const bool value = false;
|     };
| 
|     template < typename T >
|     struct is_same<T, T>
|     {
|       static const bool value = true;
|     };
| 
|     template < typename T1, typename T2 >
|     auto
|     add(T1 a1, T2 a2) -> decltype(a1 + a2)
|     {
|       return a1 + a2;
|     }
| 
|     int
|     test(const int c, volatile int v)
|     {
|       static_assert(is_same<int, decltype(0)>::value == true, "");
|       static_assert(is_same<int, decltype(c)>::value == false, "");
|       static_assert(is_same<int, decltype(v)>::value == false, "");
|       auto ac = c;
|       auto av = v;
|       auto sumi = ac + av + 'x';
|       auto sumf = ac + av + 1.0;
|       static_assert(is_same<int, decltype(ac)>::value == true, "");
|       static_assert(is_same<int, decltype(av)>::value == true, "");
|       static_assert(is_same<int, decltype(sumi)>::value == true, "");
|       static_assert(is_same<int, decltype(sumf)>::value == false, "");
|       static_assert(is_same<int, decltype(add(c, v))>::value == true, "");
|       return (sumf > 0.0) ? sumi : add(c, v);
|     }
| 
|   }
| 
|   namespace test_noexcept
|   {
| 
|     int f() { return 0; }
|     int g() noexcept { return 0; }
| 
|     static_assert(noexcept(f()) == false, "");
|     static_assert(noexcept(g()) == true, "");
| 
|   }
| 
|   namespace test_constexpr
|   {
| 
|     template < typename CharT >
|     unsigned long constexpr
|     strlen_c_r(const CharT *const s, const unsigned long acc) noexcept
|     {
|       return *s ? strlen_c_r(s + 1, acc + 1) : acc;
|     }
| 
|     template < typename CharT >
|     unsigned long constexpr
|     strlen_c(const CharT *const s) noexcept
|     {
|       return strlen_c_r(s, 0UL);
|     }
| 
|     static_assert(strlen_c("") == 0UL, "");
|     static_assert(strlen_c("1") == 1UL, "");
|     static_assert(strlen_c("example") == 7UL, "");
|     static_assert(strlen_c("another\0example") == 7UL, "");
| 
|   }
| 
|   namespace test_rvalue_references
|   {
| 
|     template < int N >
|     struct answer
|     {
|       static constexpr int value = N;
|     };
| 
|     answer<1> f(int&)       { return answer<1>(); }
|     answer<2> f(const int&) { return answer<2>(); }
|     answer<3> f(int&&)      { return answer<3>(); }
| 
|     void
|     test()
|     {
|       int i = 0;
|       const int c = 0;
|       static_assert(decltype(f(i))::value == 1, "");
|       static_assert(decltype(f(c))::value == 2, "");
|       static_assert(decltype(f(0))::value == 3, "");
|     }
| 
|   }
| 
|   namespace test_uniform_initialization
|   {
| 
|     struct test
|     {
|       static const int zero {};
|       static const int one {1};
|     };
| 
|     static_assert(test::zero == 0, "");
|     static_assert(test::one == 1, "");
| 
|   }
| 
|   namespace test_lambdas
|   {
| 
|     void
|     test1()
|     {
|       auto lambda1 = [](){};
|       auto lambda2 = lambda1;
|       lambda1();
|       lambda2();
|     }
| 
|     int
|     test2()
|     {
|       auto a = [](int i, int j){ return i + j; }(1, 2);
|       auto b = []() -> int { return '0'; }();
|       auto c = [=](){ return a + b; }();
|       auto d = [&](){ return c; }();
|       auto e = [a, &b](int x) mutable {
|         const auto identity = [](int y){ return y; };
|         for (auto i = 0; i < a; ++i)
|           a += b--;
|         return x + identity(a + b);
|       }(0);
|       return a + b + c + d + e;
|     }
| 
|     int
|     test3()
|     {
|       const auto nullary = [](){ return 0; };
|       const auto unary = [](int x){ return x; };
|       using nullary_t = decltype(nullary);
|       using unary_t = decltype(unary);
|       const auto higher1st = [](nullary_t f){ return f(); };
|       const auto higher2nd = [unary](nullary_t f1){
|         return [unary, f1](unary_t f2){ return f2(unary(f1())); };
|       };
|       return higher1st(nullary) + higher2nd(nullary)(unary);
|     }
| 
|   }
| 
|   namespace test_variadic_templates
|   {
| 
|     template <int...>
|     struct sum;
| 
|     template <int N0, int... N1toN>
|     struct sum<N0, N1toN...>
|     {
|       static constexpr auto value = N0 + sum<N1toN...>::value;
|     };
| 
|     template <>
|     struct sum<>
|     {
|       static constexpr auto value = 0;
|     };
| 
|     static_assert(sum<>::value == 0, "");
|     static_assert(sum<1>::value == 1, "");
|     static_assert(sum<23>::value == 23, "");
|     static_assert(sum<1, 2>::value == 3, "");
|     static_assert(sum<5, 5, 11>::value == 21, "");
|     static_assert(sum<2, 3, 5, 7, 11, 13>::value == 41, "");
| 
|   }
| 
|   // http://stackoverflow.com/questions/13728184/template-aliases-and-sfinae
|   // Clang 3.1 fails with headers of libstd++ 4.8.3 when using std::function
|   // because of this.
|   namespace test_template_alias_sfinae
|   {
| 
|     struct foo {};
| 
|     template<typename T>
|     using member = typename T::member_type;
| 
|     template<typename T>
|     void func(...) {}
| 
|     template<typename T>
|     void func(member<T>*) {}
| 
|     void test();
| 
|     void test() { func<foo>(0); }
| 
|   }
| 
| }  // namespace cxx11
| 
| #endif  // __cplusplus >= 201103L
| 
| 
| 
configure:19139: result: no
configure:19150: checking whether g++ supports C++11 features with -std=c++11
configure:19446: g++ -std=c++11 -c -g -O2  conftest.cpp >&5
configure:19446: $? = 0
configure:19455: result: yes
configure:19547: checking whether C compiler accepts -fvisibility=hidden
configure:19566: gcc -c -g -O2  -fvisibility=hidden  conftest.c >&5
configure:19566: $? = 0
configure:19574: result: yes
configure:19588: checking CFLAGS for maximum warnings
configure:19608: gcc -c -g -O2 -fvisibility=hidden -warn all  -warn all  conftest.c >&5
clang: error: unknown argument: '-warn'
clang: error: unknown argument: '-warn'
clang: error: no such file or directory: 'all'
clang: error: no such file or directory: 'all'
configure:19608: $? = 1
configure: failed program was:
| /* confdefs.h */
| #define PACKAGE_NAME "libopenmpt"
| #define PACKAGE_TARNAME "libopenmpt"
| #define PACKAGE_VERSION "0.3.9+release.autotools"
| #define PACKAGE_STRING "libopenmpt 0.3.9+release.autotools"
| #define PACKAGE_BUGREPORT "https://bugs.openmpt.org/"
| #define PACKAGE_URL "https://lib.openmpt.org/"
| #define PACKAGE "libopenmpt"
| #define VERSION "0.3.9+release.autotools"
| #define STDC_HEADERS 1
| #define HAVE_SYS_TYPES_H 1
| #define HAVE_SYS_STAT_H 1
| #define HAVE_STDLIB_H 1
| #define HAVE_STRING_H 1
| #define HAVE_MEMORY_H 1
| #define HAVE_STRINGS_H 1
| #define HAVE_INTTYPES_H 1
| #define HAVE_STDINT_H 1
| #define HAVE_UNISTD_H 1
| #define HAVE_DLFCN_H 1
| #define LT_OBJDIR ".libs/"
| #define MPT_SVNURL "https://source.openmpt.org/svn/openmpt/tags/libopenmpt-0.3.9"
| #define MPT_SVNVERSION "10169"
| #define MPT_SVNDATE "2018-04-29T06:08:50.600539Z"
| #define MPT_PACKAGE true
| #define MPT_WITH_ZLIB /**/
| #define MPT_WITH_OGG /**/
| #define MPT_WITH_VORBIS /**/
| #define MPT_WITH_VORBISFILE /**/
| #define HAVE_CXX11 1
| /* end confdefs.h.  */
| 
| int
| main ()
| {
| 
|   ;
|   return 0;
| }
configure:19608: gcc -c -g -O2 -fvisibility=hidden -pedantic  -Wall  conftest.c >&5
configure:19608: $? = 0
configure:19616: result: -Wall
configure:19636: : CFLAGS="$CFLAGS"
configure:19639: $? = 0
configure:19677: checking whether C++ compiler accepts -fvisibility=hidden
configure:19696: g++ -std=c++11 -c -g -O2  -fvisibility=hidden  conftest.cpp >&5
configure:19696: $? = 0
configure:19704: result: yes
configure:19718: checking CXXFLAGS for maximum warnings
configure:19738: g++ -std=c++11 -c -g -O2 -fvisibility=hidden -warn all  -warn all  conftest.cpp >&5
clang: error: unknown argument: '-warn'
clang: error: unknown argument: '-warn'
clang: error: no such file or directory: 'all'
clang: error: no such file or directory: 'all'
configure:19738: $? = 1
configure: failed program was:
| /* confdefs.h */
| #define PACKAGE_NAME "libopenmpt"
| #define PACKAGE_TARNAME "libopenmpt"
| #define PACKAGE_VERSION "0.3.9+release.autotools"
| #define PACKAGE_STRING "libopenmpt 0.3.9+release.autotools"
| #define PACKAGE_BUGREPORT "https://bugs.openmpt.org/"
| #define PACKAGE_URL "https://lib.openmpt.org/"
| #define PACKAGE "libopenmpt"
| #define VERSION "0.3.9+release.autotools"
| #define STDC_HEADERS 1
| #define HAVE_SYS_TYPES_H 1
| #define HAVE_SYS_STAT_H 1
| #define HAVE_STDLIB_H 1
| #define HAVE_STRING_H 1
| #define HAVE_MEMORY_H 1
| #define HAVE_STRINGS_H 1
| #define HAVE_INTTYPES_H 1
| #define HAVE_STDINT_H 1
| #define HAVE_UNISTD_H 1
| #define HAVE_DLFCN_H 1
| #define LT_OBJDIR ".libs/"
| #define MPT_SVNURL "https://source.openmpt.org/svn/openmpt/tags/libopenmpt-0.3.9"
| #define MPT_SVNVERSION "10169"
| #define MPT_SVNDATE "2018-04-29T06:08:50.600539Z"
| #define MPT_PACKAGE true
| #define MPT_WITH_ZLIB /**/
| #define MPT_WITH_OGG /**/
| #define MPT_WITH_VORBIS /**/
| #define MPT_WITH_VORBISFILE /**/
| #define HAVE_CXX11 1
| /* end confdefs.h.  */
| 
| int
| main ()
| {
| 
|   ;
|   return 0;
| }
configure:19738: g++ -std=c++11 -c -g -O2 -fvisibility=hidden -pedantic  -Wall  conftest.cpp >&5
configure:19738: $? = 0
configure:19746: result: -Wall
configure:19766: : CXXFLAGS="$CXXFLAGS"
configure:19769: $? = 0
configure:19942: checking for doxygen
configure:19975: result: no
configure:19995: WARNING: doxygen not found - will not generate any doxygen documentation
configure:20048: checking for perl
configure:20066: found /usr/bin/perl
configure:20078: result: /usr/bin/perl
configure:21912: checking that generated files are newer than configure
configure:21918: result: done
configure:21977: creating ./config.status

## ---------------------- ##
## Running config.status. ##
## ---------------------- ##

This file was extended by libopenmpt config.status 0.3.9+release.autotools, which was
generated by GNU Autoconf 2.69.  Invocation command line was

  CONFIG_FILES    = 
  CONFIG_HEADERS  = 
  CONFIG_LINKS    = 
  CONFIG_COMMANDS = 
  $ ./config.status 

on commander-keen-2.local

config.status:1249: creating Makefile
config.status:1249: creating libopenmpt/libopenmpt.pc
config.status:1249: creating libmodplug/libmodplug.pc
config.status:1249: creating Doxyfile
config.status:1249: creating config.h
config.status:1430: config.h is unchanged
config.status:1478: executing depfiles commands
config.status:1478: executing libtool commands

## ---------------- ##
## Cache variables. ##
## ---------------- ##

ac_cv_build=x86_64-apple-darwin17.5.0
ac_cv_c_compiler_gnu=yes
ac_cv_cflags_warn_all=-Wall
ac_cv_cxx_compiler_gnu=yes
ac_cv_cxxflags_warn_all=-Wall
ac_cv_env_CCC_set=
ac_cv_env_CCC_value=
ac_cv_env_CC_set=
ac_cv_env_CC_value=
ac_cv_env_CFLAGS_set=
ac_cv_env_CFLAGS_value=
ac_cv_env_CPPFLAGS_set=
ac_cv_env_CPPFLAGS_value=
ac_cv_env_CPP_set=
ac_cv_env_CPP_value=
ac_cv_env_CXXCPP_set=
ac_cv_env_CXXCPP_value=
ac_cv_env_CXXFLAGS_set=
ac_cv_env_CXXFLAGS_value=
ac_cv_env_CXXSTDLIB_PCLIBSPRIVATE_set=
ac_cv_env_CXXSTDLIB_PCLIBSPRIVATE_value=
ac_cv_env_CXX_set=
ac_cv_env_CXX_value=
ac_cv_env_DOXYGEN_PAPER_SIZE_set=
ac_cv_env_DOXYGEN_PAPER_SIZE_value=
ac_cv_env_FLAC_CFLAGS_set=
ac_cv_env_FLAC_CFLAGS_value=
ac_cv_env_FLAC_LIBS_set=
ac_cv_env_FLAC_LIBS_value=
ac_cv_env_LDFLAGS_set=
ac_cv_env_LDFLAGS_value=
ac_cv_env_LIBS_set=
ac_cv_env_LIBS_value=
ac_cv_env_LT_SYS_LIBRARY_PATH_set=
ac_cv_env_LT_SYS_LIBRARY_PATH_value=
ac_cv_env_MPG123_CFLAGS_set=
ac_cv_env_MPG123_CFLAGS_value=
ac_cv_env_MPG123_LIBS_set=
ac_cv_env_MPG123_LIBS_value=
ac_cv_env_OGG_CFLAGS_set=
ac_cv_env_OGG_CFLAGS_value=
ac_cv_env_OGG_LIBS_set=
ac_cv_env_OGG_LIBS_value=
ac_cv_env_PKG_CONFIG_LIBDIR_set=
ac_cv_env_PKG_CONFIG_LIBDIR_value=
ac_cv_env_PKG_CONFIG_PATH_set=
ac_cv_env_PKG_CONFIG_PATH_value=
ac_cv_env_PKG_CONFIG_set=
ac_cv_env_PKG_CONFIG_value=
ac_cv_env_PORTAUDIOCPP_CFLAGS_set=
ac_cv_env_PORTAUDIOCPP_CFLAGS_value=
ac_cv_env_PORTAUDIOCPP_LIBS_set=
ac_cv_env_PORTAUDIOCPP_LIBS_value=
ac_cv_env_PORTAUDIO_CFLAGS_set=
ac_cv_env_PORTAUDIO_CFLAGS_value=
ac_cv_env_PORTAUDIO_LIBS_set=
ac_cv_env_PORTAUDIO_LIBS_value=
ac_cv_env_PULSEAUDIO_CFLAGS_set=
ac_cv_env_PULSEAUDIO_CFLAGS_value=
ac_cv_env_PULSEAUDIO_LIBS_set=
ac_cv_env_PULSEAUDIO_LIBS_value=
ac_cv_env_SDL2_CFLAGS_set=
ac_cv_env_SDL2_CFLAGS_value=
ac_cv_env_SDL2_LIBS_set=
ac_cv_env_SDL2_LIBS_value=
ac_cv_env_SDL_CFLAGS_set=
ac_cv_env_SDL_CFLAGS_value=
ac_cv_env_SDL_LIBS_set=
ac_cv_env_SDL_LIBS_value=
ac_cv_env_SNDFILE_CFLAGS_set=
ac_cv_env_SNDFILE_CFLAGS_value=
ac_cv_env_SNDFILE_LIBS_set=
ac_cv_env_SNDFILE_LIBS_value=
ac_cv_env_VORBISFILE_CFLAGS_set=
ac_cv_env_VORBISFILE_CFLAGS_value=
ac_cv_env_VORBISFILE_LIBS_set=
ac_cv_env_VORBISFILE_LIBS_value=
ac_cv_env_VORBIS_CFLAGS_set=
ac_cv_env_VORBIS_CFLAGS_value=
ac_cv_env_VORBIS_LIBS_set=
ac_cv_env_VORBIS_LIBS_value=
ac_cv_env_ZLIB_CFLAGS_set=
ac_cv_env_ZLIB_CFLAGS_value=
ac_cv_env_ZLIB_LIBS_set=
ac_cv_env_ZLIB_LIBS_value=
ac_cv_env_build_alias_set=
ac_cv_env_build_alias_value=
ac_cv_env_host_alias_set=
ac_cv_env_host_alias_value=
ac_cv_env_target_alias_set=
ac_cv_env_target_alias_value=
ac_cv_header_dlfcn_h=yes
ac_cv_header_inttypes_h=yes
ac_cv_header_memory_h=yes
ac_cv_header_stdc=yes
ac_cv_header_stdint_h=yes
ac_cv_header_stdlib_h=yes
ac_cv_header_string_h=yes
ac_cv_header_strings_h=yes
ac_cv_header_sys_stat_h=yes
ac_cv_header_sys_types_h=yes
ac_cv_header_unistd_h=yes
ac_cv_host=x86_64-apple-darwin17.5.0
ac_cv_objext=o
ac_cv_path_EGREP='/usr/bin/grep -E'
ac_cv_path_FGREP='/usr/bin/grep -F'
ac_cv_path_GREP=/usr/bin/grep
ac_cv_path_SED=/usr/bin/sed
ac_cv_path_ac_pt_DX_PERL=/usr/bin/perl
ac_cv_path_ac_pt_PKG_CONFIG=/usr/local/bin/pkg-config
ac_cv_path_install='/usr/bin/install -c'
ac_cv_path_lt_DD=/bin/dd
ac_cv_prog_AWK=awk
ac_cv_prog_CPP='gcc -E'
ac_cv_prog_CXXCPP='g++ -E'
ac_cv_prog_ac_ct_AR=ar
ac_cv_prog_ac_ct_CC=gcc
ac_cv_prog_ac_ct_CXX=g++
ac_cv_prog_ac_ct_DSYMUTIL=dsymutil
ac_cv_prog_ac_ct_LIPO=lipo
ac_cv_prog_ac_ct_NMEDIT=nmedit
ac_cv_prog_ac_ct_OBJDUMP=objdump
ac_cv_prog_ac_ct_OTOOL=otool
ac_cv_prog_ac_ct_RANLIB=ranlib
ac_cv_prog_ac_ct_STRIP=strip
ac_cv_prog_cc_c89=
ac_cv_prog_cc_c99=
ac_cv_prog_cc_g=yes
ac_cv_prog_cc_stdc=
ac_cv_prog_cxx_g=yes
ac_cv_prog_make_make_set=yes
ac_cv_sys_file_offset_bits=no
ac_cv_sys_largefile_CC=no
am_cv_CC_dependencies_compiler_type=gcc3
am_cv_CXX_dependencies_compiler_type=gcc3
am_cv_ar_interface=ar
am_cv_make_support_nested_variables=yes
am_cv_prog_cc_c_o=yes
ax_cv_check_cflags___fvisibility_hidden=yes
ax_cv_check_cxxflags___fvisibility_hidden=yes
ax_cv_cxx_compile_cxx11=no
ax_cv_cxx_compile_cxx11__std_cpp11=yes
lt_cv_apple_cc_single_mod=yes
lt_cv_ar_at_file=no
lt_cv_deplibs_check_method=pass_all
lt_cv_file_magic_cmd='$MAGIC_CMD'
lt_cv_file_magic_test_file=
lt_cv_ld_exported_symbols_list=yes
lt_cv_ld_force_load=yes
lt_cv_ld_reload_flag=-r
lt_cv_nm_interface='BSD nm'
lt_cv_objdir=.libs
lt_cv_path_LD=/Applications/Xcode.app/Contents/Developer/Toolchains/XcodeDefault.xctoolchain/usr/bin/ld
lt_cv_path_LDCXX=/Applications/Xcode.app/Contents/Developer/Toolchains/XcodeDefault.xctoolchain/usr/bin/ld
lt_cv_path_NM='/usr/bin/nm -B'
lt_cv_path_mainfest_tool=no
lt_cv_prog_compiler_c_o=yes
lt_cv_prog_compiler_c_o_CXX=yes
lt_cv_prog_compiler_pic='-fno-common -DPIC'
lt_cv_prog_compiler_pic_CXX='-fno-common -DPIC'
lt_cv_prog_compiler_pic_works=yes
lt_cv_prog_compiler_pic_works_CXX=yes
lt_cv_prog_compiler_rtti_exceptions=yes
lt_cv_prog_compiler_static_works=no
lt_cv_prog_compiler_static_works_CXX=no
lt_cv_prog_gnu_ld=no
lt_cv_prog_gnu_ldcxx=no
lt_cv_sharedlib_from_linklib_cmd='printf %s\n'
lt_cv_sys_global_symbol_pipe='sed -n -e '\''s/^.*[	 ]\([BCDEGRST][BCDEGRST]*\)[	 ][	 ]*_\([_A-Za-z][_A-Za-z0-9]*\)$/\1 _\2 \2/p'\'' | sed '\''/ __gnu_lto/d'\'''
lt_cv_sys_global_symbol_to_c_name_address='sed -n -e '\''s/^: \(.*\) .*$/  {"\1", (void *) 0},/p'\'' -e '\''s/^[BCDEGRST][BCDEGRST]* .* \(.*\)$/  {"\1", (void *) \&\1},/p'\'''
lt_cv_sys_global_symbol_to_c_name_address_lib_prefix='sed -n -e '\''s/^: \(.*\) .*$/  {"\1", (void *) 0},/p'\'' -e '\''s/^[BCDEGRST][BCDEGRST]* .* \(lib.*\)$/  {"\1", (void *) \&\1},/p'\'' -e '\''s/^[BCDEGRST][BCDEGRST]* .* \(.*\)$/  {"lib\1", (void *) \&\1},/p'\'''
lt_cv_sys_global_symbol_to_cdecl='sed -n -e '\''s/^T .* \(.*\)$/extern int \1();/p'\'' -e '\''s/^[BCDEGRST][BCDEGRST]* .* \(.*\)$/extern char \1;/p'\'''
lt_cv_sys_global_symbol_to_import=
lt_cv_sys_max_cmd_len=196608
lt_cv_to_host_file_cmd=func_convert_file_noop
lt_cv_to_tool_file_cmd=func_convert_file_noop
lt_cv_truncate_bin='/bin/dd bs=4096 count=1'
pkg_cv_OGG_CFLAGS=-I/usr/local/Cellar/libogg/1.3.3/include
pkg_cv_OGG_LIBS='-L/usr/local/Cellar/libogg/1.3.3/lib -logg'
pkg_cv_VORBISFILE_CFLAGS='-I/usr/local/Cellar/libvorbis/1.3.6/include -I/usr/local/Cellar/libogg/1.3.3/include'
pkg_cv_VORBISFILE_LIBS='-L/usr/local/Cellar/libvorbis/1.3.6/lib -lvorbisfile'
pkg_cv_VORBIS_CFLAGS='-I/usr/local/Cellar/libvorbis/1.3.6/include -I/usr/local/Cellar/libogg/1.3.3/include'
pkg_cv_VORBIS_LIBS='-L/usr/local/Cellar/libvorbis/1.3.6/lib -lvorbis'
pkg_cv_ZLIB_CFLAGS=
pkg_cv_ZLIB_LIBS=-lz

## ----------------- ##
## Output variables. ##
## ----------------- ##

ACLOCAL='${SHELL} /www/qt/libopenmpt-0.3.9_/build-aux/missing aclocal-1.15'
AMDEPBACKSLASH='\'
AMDEP_FALSE='#'
AMDEP_TRUE=''
AMTAR='$${TAR-tar}'
AM_BACKSLASH='\'
AM_DEFAULT_V='$(AM_DEFAULT_VERBOSITY)'
AM_DEFAULT_VERBOSITY='1'
AM_V='$(V)'
AR='ar'
AUTOCONF='${SHELL} /www/qt/libopenmpt-0.3.9_/build-aux/missing autoconf'
AUTOHEADER='${SHELL} /www/qt/libopenmpt-0.3.9_/build-aux/missing autoheader'
AUTOMAKE='${SHELL} /www/qt/libopenmpt-0.3.9_/build-aux/missing automake-1.15'
AWK='awk'
CC='gcc'
CCDEPMODE='depmode=gcc3'
CFLAGS='-g -O2 -fvisibility=hidden -Wall'
CPP='gcc -E'
CPPFLAGS=''
CXX='g++ -std=c++11'
CXXCPP='g++ -E -std=c++11'
CXXDEPMODE='depmode=gcc3'
CXXFLAGS='-g -O2 -fvisibility=hidden -Wall'
CXXSTDLIB_PCLIBSPRIVATE=''
CYGPATH_W='echo'
DEFS='-DHAVE_CONFIG_H'
DEPDIR='.deps'
DLLTOOL='false'
DOT_PATH=''
DOXYGEN_PAPER_SIZE=''
DSYMUTIL='dsymutil'
DUMPBIN=''
DX_CONFIG='Doxyfile'
DX_DOCDIR='doxygen-doc'
DX_DOT=''
DX_DOXYGEN=''
DX_DVIPS=''
DX_EGREP=''
DX_ENV=' SRCDIR='\''.'\'' PROJECT='\''libopenmpt'\'' VERSION='\''0.3.9+release.autotools'\'' HAVE_DOT='\''NO'\'' GENERATE_MAN='\''NO'\'' GENERATE_RTF='\''NO'\'' GENERATE_XML='\''NO'\'' GENERATE_HTMLHELP='\''NO'\'' GENERATE_CHI='\''NO'\'' GENERATE_HTML='\''NO'\'' GENERATE_LATEX='\''NO'\'''
DX_FLAG_chi='0'
DX_FLAG_chm='0'
DX_FLAG_doc='0'
DX_FLAG_dot='0'
DX_FLAG_html='0'
DX_FLAG_man='0'
DX_FLAG_pdf='0'
DX_FLAG_ps='0'
DX_FLAG_rtf='0'
DX_FLAG_xml='0'
DX_HHC=''
DX_LATEX=''
DX_MAKEINDEX=''
DX_PDFLATEX=''
DX_PERL='/usr/bin/perl'
DX_PROJECT='libopenmpt'
DX_RULES=''
ECHO_C='\c'
ECHO_N=''
ECHO_T=''
EGREP='/usr/bin/grep -E'
ENABLE_EXAMPLES_FALSE=''
ENABLE_EXAMPLES_TRUE='#'
ENABLE_LIBMODPLUG_FALSE=''
ENABLE_LIBMODPLUG_TRUE='#'
ENABLE_LIBOPENMPT_MODPLUG_FALSE=''
ENABLE_LIBOPENMPT_MODPLUG_TRUE='#'
ENABLE_OPENMPT123_FALSE=''
ENABLE_OPENMPT123_TRUE='#'
ENABLE_TESTS_FALSE=''
ENABLE_TESTS_TRUE='#'
EXEEXT=''
FGREP='/usr/bin/grep -F'
FLAC_CFLAGS=''
FLAC_LIBS=''
GENERATE_CHI='NO'
GENERATE_HTML='NO'
GENERATE_HTMLHELP='NO'
GENERATE_LATEX='NO'
GENERATE_MAN='NO'
GENERATE_RTF='NO'
GENERATE_XML='NO'
GREP='/usr/bin/grep'
HAVE_CXX11='1'
HAVE_DOT='NO'
HAVE_PORTAUDIOCPP_FALSE=''
HAVE_PORTAUDIOCPP_TRUE='#'
HAVE_PORTAUDIO_FALSE=''
HAVE_PORTAUDIO_TRUE='#'
HHC_PATH=''
INSTALL_DATA='${INSTALL} -m 644'
INSTALL_PROGRAM='${INSTALL}'
INSTALL_SCRIPT='${INSTALL}'
INSTALL_STRIP_PROGRAM='$(install_sh) -c -s'
LD='/Applications/Xcode.app/Contents/Developer/Toolchains/XcodeDefault.xctoolchain/usr/bin/ld'
LDFLAGS=''
LIBOBJS=''
LIBOPENMPT_LIBS_PRIVATE=''
LIBOPENMPT_LTVER_AGE='1'
LIBOPENMPT_LTVER_CURRENT='1'
LIBOPENMPT_LTVER_REVISION='1'
LIBOPENMPT_REQUIRES_PRIVATE='zlib  ogg vorbis vorbisfile'
LIBOPENMPT_WIN32_LIBS=''
LIBS=''
LIBTOOL='$(SHELL) $(top_builddir)/libtool'
LIPO='lipo'
LN_S='ln -s'
LTLIBOBJS=''
LT_SYS_LIBRARY_PATH=''
MAKEINFO='${SHELL} /www/qt/libopenmpt-0.3.9_/build-aux/missing makeinfo'
MANIFEST_TOOL=':'
MKDIR_P='build-aux/install-sh -c -d'
MPG123_CFLAGS=''
MPG123_LIBS=''
NM='/usr/bin/nm -B'
NMEDIT='nmedit'
OBJDUMP='objdump'
OBJEXT='o'
OGG_CFLAGS='-I/usr/local/Cellar/libogg/1.3.3/include'
OGG_LIBS='-L/usr/local/Cellar/libogg/1.3.3/lib -logg'
OPENMPT123_WIN32_LIBS=''
OTOOL64=':'
OTOOL='otool'
PACKAGE='libopenmpt'
PACKAGE_BUGREPORT='https://bugs.openmpt.org/'
PACKAGE_NAME='libopenmpt'
PACKAGE_STRING='libopenmpt 0.3.9+release.autotools'
PACKAGE_TARNAME='libopenmpt'
PACKAGE_URL='https://lib.openmpt.org/'
PACKAGE_VERSION='0.3.9+release.autotools'
PAPER_SIZE=''
PATH_SEPARATOR=':'
PERL_PATH=''
PKG_CONFIG='/usr/local/bin/pkg-config'
PKG_CONFIG_LIBDIR=''
PKG_CONFIG_PATH=''
PORTAUDIOCPP_CFLAGS=''
PORTAUDIOCPP_LIBS=''
PORTAUDIO_CFLAGS=''
PORTAUDIO_LIBS=''
PROJECT='libopenmpt'
PULSEAUDIO_CFLAGS=''
PULSEAUDIO_LIBS=''
RANLIB='ranlib'
SDL2_CFLAGS=''
SDL2_LIBS=''
SDL_CFLAGS=''
SDL_LIBS=''
SED='/usr/bin/sed'
SET_MAKE=''
SHELL='/bin/sh'
SNDFILE_CFLAGS=''
SNDFILE_LIBS=''
SRCDIR='.'
STRIP='strip'
VERSION='0.3.9+release.autotools'
VORBISFILE_CFLAGS='-I/usr/local/Cellar/libvorbis/1.3.6/include -I/usr/local/Cellar/libogg/1.3.3/include'
VORBISFILE_LIBS='-L/usr/local/Cellar/libvorbis/1.3.6/lib -lvorbisfile'
VORBIS_CFLAGS='-I/usr/local/Cellar/libvorbis/1.3.6/include -I/usr/local/Cellar/libogg/1.3.3/include'
VORBIS_LIBS='-L/usr/local/Cellar/libvorbis/1.3.6/lib -lvorbis'
WIN32_CONSOLE_CFLAGS=''
WIN32_CONSOLE_CXXFLAGS=''
ZLIB_CFLAGS=''
ZLIB_LIBS='-lz'
ac_ct_AR='ar'
ac_ct_CC='gcc'
ac_ct_CXX='g++'
ac_ct_DUMPBIN=''
am__EXEEXT_FALSE=''
am__EXEEXT_TRUE='#'
am__fastdepCC_FALSE='#'
am__fastdepCC_TRUE=''
am__fastdepCXX_FALSE='#'
am__fastdepCXX_TRUE=''
am__include='include'
am__isrc=''
am__leading_dot='.'
am__nodep='_no'
am__quote=''
am__tar='$${TAR-tar} chof - "$$tardir"'
am__untar='$${TAR-tar} xf -'
bindir='${exec_prefix}/bin'
build='x86_64-apple-darwin17.5.0'
build_alias=''
build_cpu='x86_64'
build_os='darwin17.5.0'
build_vendor='apple'
datadir='${datarootdir}'
datarootdir='${prefix}/share'
docdir='${datarootdir}/doc/${PACKAGE_TARNAME}'
dvidir='${docdir}'
exec_prefix='${prefix}'
host='x86_64-apple-darwin17.5.0'
host_alias=''
host_cpu='x86_64'
host_os='darwin17.5.0'
host_vendor='apple'
htmldir='${docdir}'
includedir='${prefix}/include'
infodir='${datarootdir}/info'
install_sh='${SHELL} /www/qt/libopenmpt-0.3.9_/build-aux/install-sh'
libdir='${exec_prefix}/lib'
libexecdir='${exec_prefix}/libexec'
localedir='${datarootdir}/locale'
localstatedir='${prefix}/var'
mandir='${datarootdir}/man'
mkdir_p='$(MKDIR_P)'
oldincludedir='/usr/include'
pdfdir='${docdir}'
prefix='/www/qt/libopenmpt-0.3.9_/build'
program_transform_name='s,x,x,'
psdir='${docdir}'
runstatedir='${localstatedir}/run'
sbindir='${exec_prefix}/sbin'
sharedstatedir='${prefix}/com'
sysconfdir='${prefix}/etc'
target_alias=''

## ----------- ##
## confdefs.h. ##
## ----------- ##

/* confdefs.h */
#define PACKAGE_NAME "libopenmpt"
#define PACKAGE_TARNAME "libopenmpt"
#define PACKAGE_VERSION "0.3.9+release.autotools"
#define PACKAGE_STRING "libopenmpt 0.3.9+release.autotools"
#define PACKAGE_BUGREPORT "https://bugs.openmpt.org/"
#define PACKAGE_URL "https://lib.openmpt.org/"
#define PACKAGE "libopenmpt"
#define VERSION "0.3.9+release.autotools"
#define STDC_HEADERS 1
#define HAVE_SYS_TYPES_H 1
#define HAVE_SYS_STAT_H 1
#define HAVE_STDLIB_H 1
#define HAVE_STRING_H 1
#define HAVE_MEMORY_H 1
#define HAVE_STRINGS_H 1
#define HAVE_INTTYPES_H 1
#define HAVE_STDINT_H 1
#define HAVE_UNISTD_H 1
#define HAVE_DLFCN_H 1
#define LT_OBJDIR ".libs/"
#define MPT_SVNURL "https://source.openmpt.org/svn/openmpt/tags/libopenmpt-0.3.9"
#define MPT_SVNVERSION "10169"
#define MPT_SVNDATE "2018-04-29T06:08:50.600539Z"
#define MPT_PACKAGE true
#define MPT_WITH_ZLIB /**/
#define MPT_WITH_OGG /**/
#define MPT_WITH_VORBIS /**/
#define MPT_WITH_VORBISFILE /**/
#define HAVE_CXX11 1

configure: exit 0
